<?xml version="1.0" encoding="UTF-8"?>
<!-- Generated by org.testng.reporters.JUnitReportReporter -->
<testsuite hostname="DSA" failures="0" tests="1" name="Ecommerce_Site" time="23.046" errors="0" timestamp="2022-10-05T12:00:43 IST" skipped="0">
  <testcase classname="Ecommerce_Site" name="f" time="23.046"/>
  <system-out/>
</testsuite> <!-- Ecommerce_Site -->
