<?xml version="1.0" encoding="UTF-8"?>
<!-- Generated by org.testng.reporters.JUnitReportReporter -->
<testsuite hostname="DSA" failures="0" tests="1" name="NewTest_1" time="44.033" errors="0" timestamp="2022-10-03T20:10:00 IST" skipped="0">
  <testcase classname="NewTest_1" name="f" time="44.033"/>
  <system-out/>
</testsuite> <!-- NewTest_1 -->
