<?xml version="1.0" encoding="UTF-8"?>
<!-- Generated by org.testng.reporters.JUnitReportReporter -->
<testsuite hostname="DSA" failures="0" tests="1" name="NewTest_2" time="45.796" errors="0" timestamp="2022-10-03T20:12:47 IST" skipped="0">
  <testcase classname="NewTest_2" name="f" time="45.796"/>
  <system-out/>
</testsuite> <!-- NewTest_2 -->
